<?xml version="1.0" encoding="UTF-8"?>
<testng-results skipped="0" failed="0" total="1" passed="1">
  <reporter-output>
  </reporter-output>
  <suite name="Default suite" duration-ms="2605" started-at="2021-12-29T06:36:41Z" finished-at="2021-12-29T06:36:43Z">
    <groups>
    </groups>
    <test name="Default test" duration-ms="2605" started-at="2021-12-29T06:36:41Z" finished-at="2021-12-29T06:36:43Z">
      <class name="com.wv.restassured.JiraAutomationDemo">
        <test-method status="PASS" signature="login()[pri:0, instance:com.wv.restassured.JiraAutomationDemo@5622fdf]" name="login" duration-ms="2563" started-at="2021-12-29T12:06:41Z" finished-at="2021-12-29T12:06:43Z">
          <reporter-output>
          </reporter-output>
        </test-method> <!-- login -->
      </class> <!-- com.wv.restassured.JiraAutomationDemo -->
    </test> <!-- Default test -->
  </suite> <!-- Default suite -->
</testng-results>
