<?xml version="1.0" encoding="UTF-8"?>
<testng-results skipped="0" failed="0" total="4" passed="4">
  <reporter-output>
  </reporter-output>
  <suite name="Suite1" duration-ms="470" started-at="2021-12-31T07:04:16Z" finished-at="2021-12-31T07:04:17Z">
    <groups>
    </groups>
    <test name="Test1" duration-ms="101" started-at="2021-12-31T07:04:16Z" finished-at="2021-12-31T07:04:16Z">
      <class name="com.mycompanyTest.TestProject.TestDemo">
        <test-method status="PASS" signature="test1()[pri:0, instance:com.mycompanyTest.TestProject.TestDemo@27efef64]" name="test1" duration-ms="28" started-at="2021-12-31T12:34:16Z" finished-at="2021-12-31T12:34:16Z">
          <reporter-output>
          </reporter-output>
        </test-method> <!-- test1 -->
      </class> <!-- com.mycompanyTest.TestProject.TestDemo -->
    </test> <!-- Test1 -->
    <test name="Test2" duration-ms="16" started-at="2021-12-31T07:04:16Z" finished-at="2021-12-31T07:04:16Z">
      <class name="com.mycompanyTest.TestProject.TestDemo">
        <test-method status="PASS" signature="test2()[pri:0, instance:com.mycompanyTest.TestProject.TestDemo@4b0d79fc]" name="test2" duration-ms="7" started-at="2021-12-31T12:34:16Z" finished-at="2021-12-31T12:34:16Z">
          <reporter-output>
          </reporter-output>
        </test-method> <!-- test2 -->
      </class> <!-- com.mycompanyTest.TestProject.TestDemo -->
    </test> <!-- Test2 -->
    <test name="Test3" duration-ms="16" started-at="2021-12-31T07:04:16Z" finished-at="2021-12-31T07:04:16Z">
      <class name="com.mycompanyTest.TestProject.TestDemo">
        <test-method status="PASS" signature="test3()[pri:0, instance:com.mycompanyTest.TestProject.TestDemo@16eb3ea3]" name="test3" duration-ms="2" started-at="2021-12-31T12:34:16Z" finished-at="2021-12-31T12:34:16Z">
          <reporter-output>
          </reporter-output>
        </test-method> <!-- test3 -->
      </class> <!-- com.mycompanyTest.TestProject.TestDemo -->
    </test> <!-- Test3 -->
    <test name="Test4" duration-ms="8" started-at="2021-12-31T07:04:17Z" finished-at="2021-12-31T07:04:17Z">
      <class name="com.mycompanyTest.TestProject.TestDemo">
        <test-method status="PASS" signature="test4()[pri:0, instance:com.mycompanyTest.TestProject.TestDemo@69504ae9]" name="test4" duration-ms="2" started-at="2021-12-31T12:34:17Z" finished-at="2021-12-31T12:34:17Z">
          <reporter-output>
          </reporter-output>
        </test-method> <!-- test4 -->
      </class> <!-- com.mycompanyTest.TestProject.TestDemo -->
    </test> <!-- Test4 -->
  </suite> <!-- Suite1 -->
</testng-results>
