<?xml version="1.0" encoding="UTF-8"?>
<!-- Generated by org.testng.reporters.JUnitXMLReporter -->
<testsuite hostname="DESKTOP-L3R1A1J" name="Test1" tests="1" failures="1" timestamp="31 Dec 2021 05:06:08 GMT" time="0.24" errors="0">
  <testcase name="test_signup" time="0.189" classname="com.mycompanyTest.TestProject.FacebookTest">
    <failure type="java.lang.NullPointerException">
      <![CDATA[java.lang.NullPointerException
	at com.mycompanyTest.TestProject.FacebookTest.test_signup(FacebookTest.java:89)
... Removed 25 stack frames]]>
    </failure>
  </testcase> <!-- test_signup -->
</testsuite> <!-- Test1 -->
